<?xml version="1.0" encoding="UTF-8"?>
<!-- Generated by org.testng.reporters.JUnitReportReporter -->
<testsuite skipped="0" hostname="5CD9370XNC" name="com.jbk.myapp.practice.ArrayListEx" tests="1" failures="0" timestamp="2022-03-03T13:10:07 IST" time="5.673" errors="0">
  <testcase name="verifyCources" time="5.673" classname="com.jbk.myapp.practice.ArrayListEx"/>
  <system-out/>
</testsuite> <!-- com.jbk.myapp.practice.ArrayListEx -->
